<html>
<head>
<title>TestNG:  Kevin  realDevice</title>
<link href="../testng.css" rel="stylesheet" type="text/css" />
<link href="../my-testng.css" rel="stylesheet" type="text/css" />

<style type="text/css">
.log { display: none;} 
.stack-trace { display: none;} 
</style>
<script type="text/javascript">
<!--
function flip(e) {
  current = e.style.display;
  if (current == 'block') {
    e.style.display = 'none';
    return 0;
  }
  else {
    e.style.display = 'block';
    return 1;
  }
}

function toggleBox(szDivId, elem, msg1, msg2)
{
  var res = -1;  if (document.getElementById) {
    res = flip(document.getElementById(szDivId));
  }
  else if (document.all) {
    // this is the way old msie versions work
    res = flip(document.all[szDivId]);
  }
  if(elem) {
    if(res == 0) elem.innerHTML = msg1; else elem.innerHTML = msg2;
  }

}

function toggleAllBoxes() {
  if (document.getElementsByTagName) {
    d = document.getElementsByTagName('div');
    for (i = 0; i < d.length; i++) {
      if (d[i].className == 'log') {
        flip(d[i]);
      }
    }
  }
}

// -->
</script>

</head>
<body>
<h2 align='center'>Kevin  realDevice</h2><table border='1' align="center">
<tr>
<td>Tests passed/Failed/Skipped:</td><td>5/1/0</td>
</tr><tr>
<td>Started on:</td><td>Tue May 26 19:01:59 IST 2020</td>
</tr>
<tr><td>Total time:</td><td>210 seconds (210772 ms)</td>
</tr><tr>
<td>Included groups:</td><td></td>
</tr><tr>
<td>Excluded groups:</td><td></td>
</tr>
</table><p/>
<small><i>(Hover the method name to see the test class name)</i></small><p/>
<table width='100%' border='1' class='invocation-failed'>
<tr><td colspan='4' align='center'><b>FAILED TESTS</b></td></tr>
<tr><td><b>Test method</b></td>
<td width="30%"><b>Exception</b></td>
<td width="10%"><b>Time (seconds)</b></td>
<td><b>Instance</b></td>
</tr>
<tr>
<td title='com.appium.test.EmiCalculatorKevin.sampleTest2()'><b>sampleTest2</b><br>Test class: com.appium.test.EmiCalculatorKevin</td>
<td><div><pre>org.openqa.selenium.NoSuchElementException: no such element (An element could not be located on the page using the given search parameters (ID=&apos;Navigate up&apos;))  (WARNING: The server did not provide any stacktrace information)
Command duration or timeout: 0 milliseconds
For documentation on this error, please visit: https://www.seleniumhq.org/exceptions/no_such_element.html
Build info: version: &apos;3.141.59&apos;, revision: &apos;e82be7d358&apos;, time: &apos;2018-11-14T08:17:03&apos;
System info: host: &apos;DESKTOP-PCRDTAN&apos;, ip: &apos;192.168.238.1&apos;, os.name: &apos;Windows 10&apos;, os.arch: &apos;amd64&apos;, os.version: &apos;10.0&apos;, java.version: &apos;13&apos;
Driver info: io.appium.java_client.android.AndroidDriver
Capabilities {appActivity: .activities.EMICalculator, appBuildVersion: , appPackage: com.avrapps.emicalculator, appReleaseVersion: , appiumVersion: 1.8.0, autoAcceptAlerts: false, autoDismissAlerts: false, autoGrantPermissions: false, autoWebview: false, commandTimeouts: 120000, desired: {appActivity: .activities.EMICalculator, appPackage: com.avrapps.emicalculator, deviceQuery: @os=&apos;android&apos; and @category..., platformName: Android}, device.category: PHONE, device.majorVersion: 8, device.manufacture: samsung, device.model: SM-G9600, device.name: samsung S9 a0237, device.os: Android, device.screenSize: 1080x2220, device.serialNumber: 5a514c3841563398, device.version: 8.0.0, deviceQuery: @os=&apos;android&apos; and @category..., deviceUDID: 5a514c3841563398, dontGoHomeOnQuit: false, dontStopAppOnReset: false, ehmPrefixUrl: /agent-190754, ehmUrl: https://demo.experitest.com..., fullReset: false, gridNodePort: 7808, install.only.for.update: false, instrumentApp: false, javascriptEnabled: true, keystorePath: ~/.android/debug.keystore, locationServicesAuthorized: false, newSessionWaitTimeout: 600, noReset: false, platform: ANDROID, platformName: Android, projectName: , reportDirectory: reports, reportFormat: xml, reportUrl: https://demo.experitest.com..., reservationDuration: 240, takeScreenshots: true, test.type: Mobile, testName: mobile test 05/26/20 01:32 PM, udid: 5a514c3841563398, useKeystore: false, waitForDeviceTimeout: 120000}
Session ID: CLOUD-SID:2020-05-26_13-10-29-28299fad-65ce-4a77-8c21-7794ee1e76e0
*** Element info: {Using=id, value=Navigate up}
	at org.openqa.selenium.remote.ErrorHandler.createThrowable(ErrorHandler.java:214)
	at org.openqa.selenium.remote.ErrorHandler.throwIfResponseFailed(ErrorHandler.java:166)
	at org.openqa.selenium.remote.http.JsonHttpResponseCodec.reconstructValue(JsonHttpResponseCodec.java:40)
	at org.openqa.selenium.remote.http.AbstractHttpResponseCodec.decode(AbstractHttpResponseCodec.java:80)
	at org.openqa.selenium.remote.http.AbstractHttpResponseCodec.decode(AbstractHttpResponseCodec.java:44)
	at org.openqa.selenium.remote.HttpCommandExecutor.execute(HttpCommandExecutor.java:158)
	at io.appium.java_client.remote.AppiumCommandExecutor.execute(AppiumCommandExecutor.java:239)
	at org.openqa.selenium.remote.RemoteWebDriver.execute(RemoteWebDriver.java:552)
	at io.appium.java_client.DefaultGenericMobileDriver.execute(DefaultGenericMobileDriver.java:41)
	at io.appium.java_client.AppiumDriver.execute(AppiumDriver.java:1)
	at io.appium.java_client.android.AndroidDriver.execute(AndroidDriver.java:1)
	at org.openqa.selenium.remote.RemoteWebDriver.findElement(RemoteWebDriver.java:323)
	at io.appium.java_client.DefaultGenericMobileDriver.findElement(DefaultGenericMobileDriver.java:61)
	at io.appium.java_client.AppiumDriver.findElement(AppiumDriver.java:1)
	at io.appium.java_client.android.AndroidDriver.findElement(AndroidDriver.java:1)
	at org.openqa.selenium.remote.RemoteWebDriver.findElementById(RemoteWebDriver.java:372)
	at io.appium.java_client.DefaultGenericMobileDriver.findElementById(DefaultGenericMobileDriver.java:69)
	at io.appium.java_client.AppiumDriver.findElementById(AppiumDriver.java:1)
	at io.appium.java_client.android.AndroidDriver.findElementById(AndroidDriver.java:1)
	at org.openqa.selenium.By$ById.findElement(By.java:188)
	at org.openqa.selenium.remote.RemoteWebDriver.findElement(RemoteWebDriver.java:315)
	at io.appium.java_client.DefaultGenericMobileDriver.findElement(DefaultGenericMobileDriver.java:57)
	at io.appium.java_client.AppiumDriver.findElement(AppiumDriver.java:1)
	at io.appium.java_client.android.AndroidDriver.findElement(AndroidDriver.java:1)
	at com.helper.UserActions.Click(UserActions.java:79)
	at com.appium.test.EmiCalculatorKevin.sampleTest2(EmiCalculatorKevin.java:128)
	at java.base/java.util.ArrayList.forEach(ArrayList.java:1507)
... Removed 32 stack frames</pre></div><a href='#' onClick='toggleBox("stack-trace1354314579", this, "Click to show all stack frames", "Click to hide stack frames")'>Click to show all stack frames</a>
<div class='stack-trace' id='stack-trace1354314579'><pre>org.openqa.selenium.NoSuchElementException: no such element (An element could not be located on the page using the given search parameters (ID=&apos;Navigate up&apos;))  (WARNING: The server did not provide any stacktrace information)
Command duration or timeout: 0 milliseconds
For documentation on this error, please visit: https://www.seleniumhq.org/exceptions/no_such_element.html
Build info: version: &apos;3.141.59&apos;, revision: &apos;e82be7d358&apos;, time: &apos;2018-11-14T08:17:03&apos;
System info: host: &apos;DESKTOP-PCRDTAN&apos;, ip: &apos;192.168.238.1&apos;, os.name: &apos;Windows 10&apos;, os.arch: &apos;amd64&apos;, os.version: &apos;10.0&apos;, java.version: &apos;13&apos;
Driver info: io.appium.java_client.android.AndroidDriver
Capabilities {appActivity: .activities.EMICalculator, appBuildVersion: , appPackage: com.avrapps.emicalculator, appReleaseVersion: , appiumVersion: 1.8.0, autoAcceptAlerts: false, autoDismissAlerts: false, autoGrantPermissions: false, autoWebview: false, commandTimeouts: 120000, desired: {appActivity: .activities.EMICalculator, appPackage: com.avrapps.emicalculator, deviceQuery: @os=&apos;android&apos; and @category..., platformName: Android}, device.category: PHONE, device.majorVersion: 8, device.manufacture: samsung, device.model: SM-G9600, device.name: samsung S9 a0237, device.os: Android, device.screenSize: 1080x2220, device.serialNumber: 5a514c3841563398, device.version: 8.0.0, deviceQuery: @os=&apos;android&apos; and @category..., deviceUDID: 5a514c3841563398, dontGoHomeOnQuit: false, dontStopAppOnReset: false, ehmPrefixUrl: /agent-190754, ehmUrl: https://demo.experitest.com..., fullReset: false, gridNodePort: 7808, install.only.for.update: false, instrumentApp: false, javascriptEnabled: true, keystorePath: ~/.android/debug.keystore, locationServicesAuthorized: false, newSessionWaitTimeout: 600, noReset: false, platform: ANDROID, platformName: Android, projectName: , reportDirectory: reports, reportFormat: xml, reportUrl: https://demo.experitest.com..., reservationDuration: 240, takeScreenshots: true, test.type: Mobile, testName: mobile test 05/26/20 01:32 PM, udid: 5a514c3841563398, useKeystore: false, waitForDeviceTimeout: 120000}
Session ID: CLOUD-SID:2020-05-26_13-10-29-28299fad-65ce-4a77-8c21-7794ee1e76e0
*** Element info: {Using=id, value=Navigate up}
	at java.base/jdk.internal.reflect.NativeConstructorAccessorImpl.newInstance0(Native Method)
	at java.base/jdk.internal.reflect.NativeConstructorAccessorImpl.newInstance(NativeConstructorAccessorImpl.java:62)
	at java.base/jdk.internal.reflect.DelegatingConstructorAccessorImpl.newInstance(DelegatingConstructorAccessorImpl.java:45)
	at java.base/java.lang.reflect.Constructor.newInstanceWithCaller(Constructor.java:500)
	at java.base/java.lang.reflect.Constructor.newInstance(Constructor.java:481)
	at org.openqa.selenium.remote.ErrorHandler.createThrowable(ErrorHandler.java:214)
	at org.openqa.selenium.remote.ErrorHandler.throwIfResponseFailed(ErrorHandler.java:166)
	at org.openqa.selenium.remote.http.JsonHttpResponseCodec.reconstructValue(JsonHttpResponseCodec.java:40)
	at org.openqa.selenium.remote.http.AbstractHttpResponseCodec.decode(AbstractHttpResponseCodec.java:80)
	at org.openqa.selenium.remote.http.AbstractHttpResponseCodec.decode(AbstractHttpResponseCodec.java:44)
	at org.openqa.selenium.remote.HttpCommandExecutor.execute(HttpCommandExecutor.java:158)
	at io.appium.java_client.remote.AppiumCommandExecutor.execute(AppiumCommandExecutor.java:239)
	at org.openqa.selenium.remote.RemoteWebDriver.execute(RemoteWebDriver.java:552)
	at io.appium.java_client.DefaultGenericMobileDriver.execute(DefaultGenericMobileDriver.java:41)
	at io.appium.java_client.AppiumDriver.execute(AppiumDriver.java:1)
	at io.appium.java_client.android.AndroidDriver.execute(AndroidDriver.java:1)
	at org.openqa.selenium.remote.RemoteWebDriver.findElement(RemoteWebDriver.java:323)
	at io.appium.java_client.DefaultGenericMobileDriver.findElement(DefaultGenericMobileDriver.java:61)
	at io.appium.java_client.AppiumDriver.findElement(AppiumDriver.java:1)
	at io.appium.java_client.android.AndroidDriver.findElement(AndroidDriver.java:1)
	at org.openqa.selenium.remote.RemoteWebDriver.findElementById(RemoteWebDriver.java:372)
	at io.appium.java_client.DefaultGenericMobileDriver.findElementById(DefaultGenericMobileDriver.java:69)
	at io.appium.java_client.AppiumDriver.findElementById(AppiumDriver.java:1)
	at io.appium.java_client.android.AndroidDriver.findElementById(AndroidDriver.java:1)
	at org.openqa.selenium.By$ById.findElement(By.java:188)
	at org.openqa.selenium.remote.RemoteWebDriver.findElement(RemoteWebDriver.java:315)
	at io.appium.java_client.DefaultGenericMobileDriver.findElement(DefaultGenericMobileDriver.java:57)
	at io.appium.java_client.AppiumDriver.findElement(AppiumDriver.java:1)
	at io.appium.java_client.android.AndroidDriver.findElement(AndroidDriver.java:1)
	at com.helper.UserActions.Click(UserActions.java:79)
	at com.appium.test.EmiCalculatorKevin.sampleTest2(EmiCalculatorKevin.java:128)
	at java.base/jdk.internal.reflect.NativeMethodAccessorImpl.invoke0(Native Method)
	at java.base/jdk.internal.reflect.NativeMethodAccessorImpl.invoke(NativeMethodAccessorImpl.java:62)
	at java.base/jdk.internal.reflect.DelegatingMethodAccessorImpl.invoke(DelegatingMethodAccessorImpl.java:43)
	at java.base/java.lang.reflect.Method.invoke(Method.java:567)
	at org.testng.internal.MethodInvocationHelper.invokeMethod(MethodInvocationHelper.java:133)
	at org.testng.internal.TestInvoker.invokeMethod(TestInvoker.java:584)
	at org.testng.internal.TestInvoker.invokeTestMethod(TestInvoker.java:172)
	at org.testng.internal.MethodRunner.runInSequence(MethodRunner.java:46)
	at org.testng.internal.TestInvoker$MethodInvocationAgent.invoke(TestInvoker.java:804)
	at org.testng.internal.TestInvoker.invokeTestMethods(TestInvoker.java:145)
	at org.testng.internal.TestMethodWorker.invokeTestMethods(TestMethodWorker.java:146)
	at org.testng.internal.TestMethodWorker.run(TestMethodWorker.java:128)
	at java.base/java.util.ArrayList.forEach(ArrayList.java:1507)
	at org.testng.TestRunner.privateRun(TestRunner.java:770)
	at org.testng.TestRunner.run(TestRunner.java:591)
	at org.testng.SuiteRunner.runTest(SuiteRunner.java:402)
	at org.testng.SuiteRunner.runSequentially(SuiteRunner.java:396)
	at org.testng.SuiteRunner.privateRun(SuiteRunner.java:355)
	at org.testng.SuiteRunner.run(SuiteRunner.java:304)
	at org.testng.SuiteRunnerWorker.runSuite(SuiteRunnerWorker.java:53)
	at org.testng.SuiteRunnerWorker.run(SuiteRunnerWorker.java:96)
	at org.testng.TestNG.runSuitesSequentially(TestNG.java:1180)
	at org.testng.TestNG.runSuitesLocally(TestNG.java:1102)
	at org.testng.TestNG.runSuites(TestNG.java:1032)
	at org.testng.TestNG.run(TestNG.java:1000)
	at org.testng.remote.AbstractRemoteTestNG.run(AbstractRemoteTestNG.java:115)
	at org.testng.remote.RemoteTestNG.initAndRun(RemoteTestNG.java:251)
	at org.testng.remote.RemoteTestNG.main(RemoteTestNG.java:77)
</pre></div></td>
<td>55</td>
<td>com.appium.test.EmiCalculatorKevin@313b2ea6</td></tr>
</table><p>
<table width='100%' border='1' class='invocation-passed'>
<tr><td colspan='4' align='center'><b>PASSED TESTS</b></td></tr>
<tr><td><b>Test method</b></td>
<td width="30%"><b>Exception</b></td>
<td width="10%"><b>Time (seconds)</b></td>
<td><b>Instance</b></td>
</tr>
<tr>
<td title='com.appium.test.wordweb_Mohan.Wordweb()'><b>Wordweb</b><br>Test class: com.appium.test.wordweb_Mohan<br>Parameters: mistakenly, 3</td>
<td></td>
<td>29</td>
<td>com.appium.test.wordweb_Mohan@63070bab</td></tr>
<tr>
<td title='com.appium.test.wordweb_Mohan.Wordweb()'><b>Wordweb</b><br>Test class: com.appium.test.wordweb_Mohan<br>Parameters: give, 1</td>
<td></td>
<td>34</td>
<td>com.appium.test.wordweb_Mohan@63070bab</td></tr>
<tr>
<td title='com.appium.test.wordweb_Mohan.Wordweb()'><b>Wordweb</b><br>Test class: com.appium.test.wordweb_Mohan<br>Parameters: staked, 2</td>
<td></td>
<td>32</td>
<td>com.appium.test.wordweb_Mohan@63070bab</td></tr>
<tr>
<td title='com.appium.test.wordweb_Mohan.Wordweb()'><b>Wordweb</b><br>Test class: com.appium.test.wordweb_Mohan<br>Parameters: takeout, 4</td>
<td></td>
<td>36</td>
<td>com.appium.test.wordweb_Mohan@63070bab</td></tr>
<tr>
<td title='com.appium.test.EmiCalculatorKevin.sampleTest()'><b>sampleTest</b><br>Test class: com.appium.test.EmiCalculatorKevin<br>Parameters: 10000, 5, Car Loan</td>
<td></td>
<td>21</td>
<td>com.appium.test.EmiCalculatorKevin@313b2ea6</td></tr>
<tr>
<td title='com.appium.test.EmiCalculatorKevin.sampleTest()'><b>sampleTest</b><br>Test class: com.appium.test.EmiCalculatorKevin<br>Parameters: 20000, 6, Home Loan</td>
<td></td>
<td>27</td>
<td>com.appium.test.EmiCalculatorKevin@313b2ea6</td></tr>
<tr>
<td title='com.appium.test.EmiCalculatorKevin.sampleTest()'><b>sampleTest</b><br>Test class: com.appium.test.EmiCalculatorKevin<br>Parameters: 30000, 8, Bike Loan</td>
<td></td>
<td>27</td>
<td>com.appium.test.EmiCalculatorKevin@313b2ea6</td></tr>
<tr>
<td title='com.appium.test.EmiCalculatorKevin.sampleTest()'><b>sampleTest</b><br>Test class: com.appium.test.EmiCalculatorKevin<br>Parameters: 25000, 8, Mobile Loan</td>
<td></td>
<td>28</td>
<td>com.appium.test.EmiCalculatorKevin@313b2ea6</td></tr>
<tr>
<td title='com.appium.test.EmiCalculatorKevin.sampleTest()'><b>sampleTest</b><br>Test class: com.appium.test.EmiCalculatorKevin<br>Parameters: 35000, 8, Flat Loan</td>
<td></td>
<td>29</td>
<td>com.appium.test.EmiCalculatorKevin@313b2ea6</td></tr>
<tr>
<td title='com.appium.test.WheelSize.searchWheelSize()'><b>searchWheelSize</b><br>Test class: com.appium.test.WheelSize<br>Parameters: Apollo, 2020, AZ05, Grip</td>
<td></td>
<td>15</td>
<td>com.appium.test.WheelSize@158a8276</td></tr>
<tr>
<td title='com.appium.test.WheelSize.searchWheelSize()'><b>searchWheelSize</b><br>Test class: com.appium.test.WheelSize<br>Parameters: CEAT, 2019, SS05, Grip</td>
<td></td>
<td>15</td>
<td>com.appium.test.WheelSize@158a8276</td></tr>
</table><p>
</body>
</html>